[Loading] INITIALIZING
Starting TLauncher 2.871 RELEASE
For more information, visit https://tlauncher.org/
Startup time: 5/01/2023 01:27:59 AM
Running folder C:\Users\cmnd_\AppData\Roaming\.minecraft
---
[Loading] LOADING_CONFIGURATION
Machine info: -------------------------------------------------------
Windows 10 10.0, Java 1.8.0_281, jvm bit x64, 8086 MB RAM
java path=C:\Users\cmnd_\AppData\Roaming\.tlauncher\jvms\jre1.8.0_281\bin\javaw.exe
Intel(R) Core(TM) i5-8259U CPU @ 2.30GHz
 Intel(R) Iris(R) Plus Graphics 655, Intel(R) Iris(R) Plus Graphics Family, 4171 MB
-------------------------------------------------------
Selected locale: es_ES
[Loading] LOADING_CONSOLE
[Downloader2] Loaded configuration: good
[Updater] Requesting an update...
[Updater] Requesting from: https://repo.tlauncher.org/update/lch/update_2.0.json
[Updater] Making request: https://repo.tlauncher.org/update/lch/update_2.0.json?version=2.871&client=756f358e-e317-4837-b02c-ffc49e0420c3
[Browser] Loading resources...
[Browser] Loading background...
[Browser] Cleaning up after loading:
Starting garbage collector: 36 / 109 MB
Garbage collector completed: 17 / 151 MB
[Loading] LOADING_MANAGERS
[LocalVersionList] Base directory: C:\Users\cmnd_\AppData\Roaming\.minecraft
[ProfileManager] Refreshing profiles from: C:\Users\cmnd_\AppData\Roaming\.minecraft\TlauncherProfiles.json
[AdvertisingStatusObserver]  started to get ad information
[GsonUtil]  request to https://repo.tlauncher.org/update/downloads/libraries/org/tlauncher/authlib/libraries-1.7.json
[AdvertisingStatusObserver]  finished to get add information
save profiles
[Loading] LOADING_WINDOW
[Swing] Favicons loaded: 256px, 128px, 96px, 64px, 48px, 32px, 24px, 16px
[Updater] Request time: 647 ms
[Updater] Successfully requested from: https://repo.tlauncher.org/update/lch/update_2.0.json
[Loading] PREPARING_MAINPANE
[REPO][SERVER_LIST_REPO] Success: Reached the repo in 218 ms.
[JFXStartPageLoader]  start load page: https://page.tlauncher.org/update/downloads/configs/client/index_es.htm
[Browser] Running in JavaFX Thread
[Browser] Preparing JavaFX...
[Browser] Initializing...
[JFXStartPageLoader]  succeeded load page: https://page.tlauncher.org/update/downloads/configs/client/index_es.htm during 0
[Browser@1162697612] Loaded successfully: "https://page.tlauncher.org/update/downloads/configs/client/index_es.htm"
[Browser] add listens into server_choose
[Browser] finished listens into server_choose
[Downloader2] Loaded configuration: good
[Loading] POSTINIT_GUI
[Frame] Packing main frame...
[Frame] Resizing main pane...
Updater is already closed. Showing up...
Visibility set.
[Loading] REFRESHING_INFO
[VersionManager] Refreshing versions remotely...
[REPO][EXTRA_VERSION_REPO] Attempt #1; timeout: 30000 ms; url: https://repo.tlauncher.org/update/downloads/versions/new4/
Started! (7249 ms.)
[Loading] SUCCESS
[TLauncher] show tlauncher!!!
[REPO][OFFICIAL_VERSION_REPO] Attempt #1; timeout: 30000 ms; url: https://launchermeta.mojang.com/mc/game/
[REPO][EXTRA_VERSION_REPO] Attempt #1; timeout: 30000 ms; url: https://repo.tlauncher.org/update/downloads/versions/new4/
[REPO][SKIN_VERSION_REPO] Attempt #1; timeout: 30000 ms; url: https://repo.tlauncher.org/update/downloads/versions/new4/skin/versions/
[REPO][EXTRA_VERSION_REPO] Success: Reached the repo in 270 ms.
[REPO][SKIN_VERSION_REPO] Success: Reached the repo in 276 ms.
[SkinVersionList] Got in 301 ms
[ExtraVersionList] Got in 330 ms
[REPO][EXTRA_VERSION_REPO] Success: Reached the repo in 512 ms.
[REPO][OFFICIAL_VERSION_REPO] Success: Reached the repo in 542 ms.
[OfficialVersionList] Got in 792 ms
[VersionManager] Versions has been refreshed (893 ms)
[REPO][ADD_HOT_SERVERS_REPO] Attempt #1; timeout: 30000 ms; url: https://repo.tlauncher.org/update/lch/additional_hot_servers-1.0.json
[REPO][HOT_SERVERS_REPO] Attempt #1; timeout: 30000 ms; url: https://repo.tlauncher.org/update/lch/servers/hot_servers-1.0.json
run server on  37842
[REPO][ADD_HOT_SERVERS_REPO] Success: Reached the repo in 118 ms.
[REPO][HOT_SERVERS_REPO] Success: Reached the repo in 230 ms.
[Double running] clear time label
saved account Account{displayName=fabs, userid=fabs, uuid=bddce546c3464d5489d0aab43af5fa93, username=fabs}
save profiles
onAuthPassed
saved account Account{displayName=fabs, userid=fabs, uuid=bddce546c3464d5489d0aab43af5fa93, username=fabs}
save profiles
[LoginForm] Login was OK. Trying to launch now.
[Launcher] Running under TLauncher 2.871
[Launcher] Collecting info...
[TLauncherManager] before clearLibrary 
[TLauncherManager] written:  []
[TLauncherManager] after clearLibrary 
[Launcher] Force update: false
[Launcher] Selected version: OptiFine 1.19.2
[Launcher] Selected account: Account{displayName=fabs, userid=fabs, uuid=bddce546c3464d5489d0aab43af5fa93, username=fabs}
[Launcher] Version sync info: VersionSyncInfo{id='OptiFine 1.19.2',
local=CompleteVersion{id='OptiFine 1.19.2', time=Thu Aug 04 04:25:37 MST 2022, release=Fri Aug 05 04:57:05 MST 2022, type=modified, class=net.minecraft.launchwrapper.Launch, minimumVersion=21, assets='1.19', source=LOCAL_VERSION_REPO, list=net.minecraft.launcher.updater.ExtraVersionList@5ad19b90, libraries=[Library{name='optifine:OptiFine:OptiFine-1.19.2_HD_U_I1_pre4', rules=null, natives=null, extract=null, packed='null'}, Library{name='optifine:launchwrapper-of:2.3', rules=null, natives=null, extract=null, packed='null'}, Library{name='com.mojang:logging:1.0.0', rules=null, natives=null, extract=null, packed='null'}, Library{name='com.mojang:blocklist:1.0.10', rules=null, natives=null, extract=null, packed='null'}, Library{name='com.mojang:patchy:2.2.10', rules=null, natives=null, extract=null, packed='null'}, Library{name='com.github.oshi:oshi-core:5.8.5', rules=null, natives=null, extract=null, packed='null'}, Library{name='net.java.dev.jna:jna:5.10.0', rules=null, natives=null, extract=null, packed='null'}, Library{name='net.java.dev.jna:jna-platform:5.10.0', rules=null, natives=null, extract=null, packed='null'}, Library{name='org.slf4j:slf4j-api:1.8.0-beta4', rules=null, natives=null, extract=null, packed='null'}, Library{name='org.apache.logging.log4j:log4j-slf4j18-impl:2.17.0', rules=null, natives=null, extract=null, packed='null'}, Library{name='com.ibm.icu:icu4j:70.1', rules=null, natives=null, extract=null, packed='null'}, Library{name='com.mojang:javabridge:1.2.24', rules=null, natives=null, extract=null, packed='null'}, Library{name='net.sf.jopt-simple:jopt-simple:5.0.4', rules=null, natives=null, extract=null, packed='null'}, Library{name='io.netty:netty-common:4.1.77.Final', rules=null, natives=null, extract=null, packed='null'}, Library{name='io.netty:netty-buffer:4.1.77.Final', rules=null, natives=null, extract=null, packed='null'}, Library{name='io.netty:netty-codec:4.1.77.Final', rules=null, natives=null, extract=null, packed='null'}, Library{name='io.netty:netty-handler:4.1.77.Final', rules=null, natives=null, extract=null, packed='null'}, Library{name='io.netty:netty-resolver:4.1.77.Final', rules=null, natives=null, extract=null, packed='null'}, Library{name='io.netty:netty-transport:4.1.77.Final', rules=null, natives=null, extract=null, packed='null'}, Library{name='io.netty:netty-transport-native-unix-common:4.1.77.Final', rules=null, natives=null, extract=null, packed='null'}, Library{name='io.netty:netty-transport-classes-epoll:4.1.77.Final', rules=null, natives=null, extract=null, packed='null'}, Library{name='io.netty:netty-transport-native-epoll:4.1.77.Final:linux-x86_64', rules=[Rule{action=ALLOW, os=OSRestriction{name=LINUX, version='null'}, features=null}], natives=null, extract=null, packed='null'}, Library{name='io.netty:netty-transport-native-epoll:4.1.77.Final:linux-aarch_64', rules=[Rule{action=ALLOW, os=OSRestriction{name=LINUX, version='null'}, features=null}], natives=null, extract=null, packed='null'}, Library{name='com.google.guava:failureaccess:1.0.1', rules=null, natives=null, extract=null, packed='null'}, Library{name='com.google.guava:guava:31.0.1-jre', rules=null, natives=null, extract=null, packed='null'}, Library{name='org.apache.commons:commons-lang3:3.12.0', rules=null, natives=null, extract=null, packed='null'}, Library{name='commons-io:commons-io:2.11.0', rules=null, natives=null, extract=null, packed='null'}, Library{name='commons-codec:commons-codec:1.15', rules=null, natives=null, extract=null, packed='null'}, Library{name='com.mojang:brigadier:1.0.18', rules=null, natives=null, extract=null, packed='null'}, Library{name='com.mojang:datafixerupper:5.0.28', rules=null, natives=null, extract=null, packed='null'}, Library{name='com.google.code.gson:gson:2.8.9', rules=null, natives=null, extract=null, packed='null'}, Library{name='com.mojang:authlib:3.11.49', rules=null, natives=null, extract=null, packed='null'}, Library{name='org.apache.commons:commons-compress:1.21', rules=null, natives=null, extract=null, packed='null'}, Library{name='org.apache.httpcomponents:httpclient:4.5.13', rules=null, natives=null, extract=null, packed='null'}, Library{name='commons-logging:commons-logging:1.2', rules=null, natives=null, extract=null, packed='null'}, Library{name='org.apache.httpcomponents:httpcore:4.4.14', rules=null, natives=null, extract=null, packed='null'}, Library{name='it.unimi.dsi:fastutil:8.5.6', rules=null, natives=null, extract=null, packed='null'}, Library{name='org.apache.logging.log4j:log4j-api:2.17.0', rules=null, natives=null, extract=null, packed='null'}, Library{name='org.apache.logging.log4j:log4j-core:2.17.0', rules=null, natives=null, extract=null, packed='null'}, Library{name='org.lwjgl:lwjgl:3.3.1', rules=null, natives=null, extract=null, packed='null'}, Library{name='org.lwjgl:lwjgl:3.3.1:natives-windows', rules=[Rule{action=ALLOW, os=OSRestriction{name=WINDOWS, version='null'}, features=null}], natives=null, extract=null, packed='null'}, Library{name='org.lwjgl:lwjgl:3.3.1:natives-windows-x86', rules=[Rule{action=ALLOW, os=OSRestriction{name=WINDOWS, version='null'}, features=null}], natives=null, extract=null, packed='null'}, Library{name='org.lwjgl:lwjgl:3.3.1:natives-linux', rules=[Rule{action=ALLOW, os=OSRestriction{name=LINUX, version='null'}, features=null}], natives=null, extract=null, packed='null'}, Library{name='org.lwjgl:lwjgl:3.3.1:natives-macos', rules=[Rule{action=ALLOW, os=OSRestriction{name=OSX, version='null'}, features=null}], natives=null, extract=null, packed='null'}, Library{name='org.lwjgl:lwjgl:3.3.1:natives-macos-arm64', rules=[Rule{action=ALLOW, os=OSRestriction{name=OSX, version='null'}, features=null}], natives=null, extract=null, packed='null'}, Library{name='org.lwjgl:lwjgl-jemalloc:3.3.1', rules=null, natives=null, extract=null, packed='null'}, Library{name='org.lwjgl:lwjgl-jemalloc:3.3.1:natives-windows', rules=[Rule{action=ALLOW, os=OSRestriction{name=WINDOWS, version='null'}, features=null}], natives=null, extract=null, packed='null'}, Library{name='org.lwjgl:lwjgl-jemalloc:3.3.1:natives-windows-x86', rules=[Rule{action=ALLOW, os=OSRestriction{name=WINDOWS, version='null'}, features=null}], natives=null, extract=null, packed='null'}, Library{name='org.lwjgl:lwjgl-jemalloc:3.3.1:natives-linux', rules=[Rule{action=ALLOW, os=OSRestriction{name=LINUX, version='null'}, features=null}], natives=null, extract=null, packed='null'}, Library{name='org.lwjgl:lwjgl-jemalloc:3.3.1:natives-macos', rules=[Rule{action=ALLOW, os=OSRestriction{name=OSX, version='null'}, features=null}], natives=null, extract=null, packed='null'}, Library{name='org.lwjgl:lwjgl-jemalloc:3.3.1:natives-macos-arm64', rules=[Rule{action=ALLOW, os=OSRestriction{name=OSX, version='null'}, features=null}], natives=null, extract=null, packed='null'}, Library{name='org.lwjgl:lwjgl-openal:3.3.1', rules=null, natives=null, extract=null, packed='null'}, Library{name='org.lwjgl:lwjgl-openal:3.3.1:natives-windows', rules=[Rule{action=ALLOW, os=OSRestriction{name=WINDOWS, version='null'}, features=null}], natives=null, extract=null, packed='null'}, Library{name='org.lwjgl:lwjgl-openal:3.3.1:natives-windows-x86', rules=[Rule{action=ALLOW, os=OSRestriction{name=WINDOWS, version='null'}, features=null}], natives=null, extract=null, packed='null'}, Library{name='org.lwjgl:lwjgl-openal:3.3.1:natives-linux', rules=[Rule{action=ALLOW, os=OSRestriction{name=LINUX, version='null'}, features=null}], natives=null, extract=null, packed='null'}, Library{name='org.lwjgl:lwjgl-openal:3.3.1:natives-macos', rules=[Rule{action=ALLOW, os=OSRestriction{name=OSX, version='null'}, features=null}], natives=null, extract=null, packed='null'}, Library{name='org.lwjgl:lwjgl-openal:3.3.1:natives-macos-arm64', rules=[Rule{action=ALLOW, os=OSRestriction{name=OSX, version='null'}, features=null}], natives=null, extract=null, packed='null'}, Library{name='org.lwjgl:lwjgl-opengl:3.3.1', rules=null, natives=null, extract=null, packed='null'}, Library{name='org.lwjgl:lwjgl-opengl:3.3.1:natives-windows', rules=[Rule{action=ALLOW, os=OSRestriction{name=WINDOWS, version='null'}, features=null}], natives=null, extract=null, packed='null'}, Library{name='org.lwjgl:lwjgl-opengl:3.3.1:natives-windows-x86', rules=[Rule{action=ALLOW, os=OSRestriction{name=WINDOWS, version='null'}, features=null}], natives=null, extract=null, packed='null'}, Library{name='org.lwjgl:lwjgl-opengl:3.3.1:natives-linux', rules=[Rule{action=ALLOW, os=OSRestriction{name=LINUX, version='null'}, features=null}], natives=null, extract=null, packed='null'}, Library{name='org.lwjgl:lwjgl-opengl:3.3.1:natives-macos', rules=[Rule{action=ALLOW, os=OSRestriction{name=OSX, version='null'}, features=null}], natives=null, extract=null, packed='null'}, Library{name='org.lwjgl:lwjgl-opengl:3.3.1:natives-macos-arm64', rules=[Rule{action=ALLOW, os=OSRestriction{name=OSX, version='null'}, features=null}], natives=null, extract=null, packed='null'}, Library{name='org.lwjgl:lwjgl-glfw:3.3.1', rules=null, natives=null, extract=null, packed='null'}, Library{name='org.lwjgl:lwjgl-glfw:3.3.1:natives-windows', rules=[Rule{action=ALLOW, os=OSRestriction{name=WINDOWS, version='null'}, features=null}], natives=null, extract=null, packed='null'}, Library{name='org.lwjgl:lwjgl-glfw:3.3.1:natives-windows-x86', rules=[Rule{action=ALLOW, os=OSRestriction{name=WINDOWS, version='null'}, features=null}], natives=null, extract=null, packed='null'}, Library{name='org.lwjgl:lwjgl-glfw:3.3.1:natives-linux', rules=[Rule{action=ALLOW, os=OSRestriction{name=LINUX, version='null'}, features=null}], natives=null, extract=null, packed='null'}, Library{name='org.lwjgl:lwjgl-glfw:3.3.1:natives-macos', rules=[Rule{action=ALLOW, os=OSRestriction{name=OSX, version='null'}, features=null}], natives=null, extract=null, packed='null'}, Library{name='org.lwjgl:lwjgl-glfw:3.3.1:natives-macos-arm64', rules=[Rule{action=ALLOW, os=OSRestriction{name=OSX, version='null'}, features=null}], natives=null, extract=null, packed='null'}, Library{name='org.lwjgl:lwjgl-stb:3.3.1', rules=null, natives=null, extract=null, packed='null'}, Library{name='org.lwjgl:lwjgl-stb:3.3.1:natives-windows', rules=[Rule{action=ALLOW, os=OSRestriction{name=WINDOWS, version='null'}, features=null}], natives=null, extract=null, packed='null'}, Library{name='org.lwjgl:lwjgl-stb:3.3.1:natives-windows-x86', rules=[Rule{action=ALLOW, os=OSRestriction{name=WINDOWS, version='null'}, features=null}], natives=null, extract=null, packed='null'}, Library{name='org.lwjgl:lwjgl-stb:3.3.1:natives-linux', rules=[Rule{action=ALLOW, os=OSRestriction{name=LINUX, version='null'}, features=null}], natives=null, extract=null, packed='null'}, Library{name='org.lwjgl:lwjgl-stb:3.3.1:natives-macos', rules=[Rule{action=ALLOW, os=OSRestriction{name=OSX, version='null'}, features=null}], natives=null, extract=null, packed='null'}, Library{name='org.lwjgl:lwjgl-stb:3.3.1:natives-macos-arm64', rules=[Rule{action=ALLOW, os=OSRestriction{name=OSX, version='null'}, features=null}], natives=null, extract=null, packed='null'}, Library{name='org.lwjgl:lwjgl-tinyfd:3.3.1', rules=null, natives=null, extract=null, packed='null'}, Library{name='org.lwjgl:lwjgl-tinyfd:3.3.1:natives-windows', rules=[Rule{action=ALLOW, os=OSRestriction{name=WINDOWS, version='null'}, features=null}], natives=null, extract=null, packed='null'}, Library{name='org.lwjgl:lwjgl-tinyfd:3.3.1:natives-windows-x86', rules=[Rule{action=ALLOW, os=OSRestriction{name=WINDOWS, version='null'}, features=null}], natives=null, extract=null, packed='null'}, Library{name='org.lwjgl:lwjgl-tinyfd:3.3.1:natives-linux', rules=[Rule{action=ALLOW, os=OSRestriction{name=LINUX, version='null'}, features=null}], natives=null, extract=null, packed='null'}, Library{name='org.lwjgl:lwjgl-tinyfd:3.3.1:natives-macos', rules=[Rule{action=ALLOW, os=OSRestriction{name=OSX, version='null'}, features=null}], natives=null, extract=null, packed='null'}, Library{name='org.lwjgl:lwjgl-tinyfd:3.3.1:natives-macos-arm64', rules=[Rule{action=ALLOW, os=OSRestriction{name=OSX, version='null'}, features=null}], natives=null, extract=null, packed='null'}, Library{name='com.mojang:text2speech:1.13.9', rules=null, natives=null, extract=null, packed='null'}, Library{name='com.mojang:text2speech:1.13.9:natives-windows', rules=[Rule{action=ALLOW, os=OSRestriction{name=WINDOWS, version='null'}, features=null}], natives=null, extract=null, packed='null'}, Library{name='com.mojang:text2speech:1.13.9:natives-linux', rules=[Rule{action=ALLOW, os=OSRestriction{name=LINUX, version='null'}, features=null}], natives=null, extract=null, packed='null'}, Library{name='ca.weblite:java-objc-bridge:1.1', rules=[Rule{action=ALLOW, os=OSRestriction{name=OSX, version='null'}, features=null}], natives=null, extract=null, packed='null'}]},
remote=PartialVersion{id='OptiFine 1.19.2', time=Thu Aug 04 04:25:37 MST 2022, release=Thu Aug 04 04:25:37 MST 2022, type=modified, source=EXTRA_VERSION_REPO, list=net.minecraft.launcher.updater.ExtraVersionList@5ad19b90}, isInstalled=true, hasRemote=true, isUpToDate=true}
[GsonUtil]  request to https://res.tlauncher.org/b/jvm/java_configuration.json
[Launcher] Checking conditions...
[Launcher] Comparing assets...
[AssetsManager] Checking resources...
[AssetsManager] Reading indexes from file C:\Users\cmnd_\AppData\Roaming\.minecraft\assets\indexes\1.19.json
[AssetsManager] Fast comparing: true
[Launcher] finished comparing assets: 1027 ms.
[TLauncherManager] add required libraries: OptiFine 1.19.2
[VersionManager] Required for version OptiFine 1.19.2: []
[TLauncherManager] add required libraries: OptiFine 1.19.2
used default java runtime
Minecraft requires java version: 17, java path: C:\Users\cmnd_\AppData\Roaming\.minecraft\runtime\java-runtime-gamma\windows\java-runtime-gamma\bin\javaw.exe
[TLauncherManager] library will be replaced: com.mojang:authlib:3.11.49
[TLauncherManager] library will be replaced: com.mojang:patchy:2.2.10
[Launcher] Unpacking natives...
[Launcher] Constructing process...
[Launcher] Constructing classpath...
backup world is active: true
[Launcher] Getting Minecraft arguments...
[Launcher] Full command: C:\Users\cmnd_\AppData\Roaming\.minecraft\runtime\java-runtime-gamma\windows\java-runtime-gamma\bin\javaw.exe -Dos.name=Windows 10 -Dos.version=10.0 -XX:HeapDumpPath=MojangTricksIntelDriversForPerformance_javaw.exe_minecraft.exe.heapdump -Xss1M -Djava.library.path=C:\Users\cmnd_\AppData\Roaming\.minecraft\versions\OptiFine 1.19.2\natives -Dminecraft.launcher.brand=minecraft-launcher -Dminecraft.launcher.version=2.3.173 -cp C:\Users\cmnd_\AppData\Roaming\.minecraft\libraries\optifine\OptiFine\OptiFine-1.19.2_HD_U_I1_pre4\OptiFine-OptiFine-1.19.2_HD_U_I1_pre4.jar;C:\Users\cmnd_\AppData\Roaming\.minecraft\libraries\optifine\launchwrapper-of\2.3\launchwrapper-of-2.3.jar;C:\Users\cmnd_\AppData\Roaming\.minecraft\libraries\com\mojang\logging\1.0.0\logging-1.0.0.jar;C:\Users\cmnd_\AppData\Roaming\.minecraft\libraries\com\mojang\blocklist\1.0.10\blocklist-1.0.10.jar;C:\Users\cmnd_\AppData\Roaming\.minecraft\libraries\org\tlauncher\patchy\2.2.10\patchy-2.2.10.jar;C:\Users\cmnd_\AppData\Roaming\.minecraft\libraries\com\github\oshi\oshi-core\5.8.5\oshi-core-5.8.5.jar;C:\Users\cmnd_\AppData\Roaming\.minecraft\libraries\net\java\dev\jna\jna\5.10.0\jna-5.10.0.jar;C:\Users\cmnd_\AppData\Roaming\.minecraft\libraries\net\java\dev\jna\jna-platform\5.10.0\jna-platform-5.10.0.jar;C:\Users\cmnd_\AppData\Roaming\.minecraft\libraries\org\slf4j\slf4j-api\1.8.0-beta4\slf4j-api-1.8.0-beta4.jar;C:\Users\cmnd_\AppData\Roaming\.minecraft\libraries\org\apache\logging\log4j\log4j-slf4j18-impl\2.17.0\log4j-slf4j18-impl-2.17.0.jar;C:\Users\cmnd_\AppData\Roaming\.minecraft\libraries\com\ibm\icu\icu4j\70.1\icu4j-70.1.jar;C:\Users\cmnd_\AppData\Roaming\.minecraft\libraries\com\mojang\javabridge\1.2.24\javabridge-1.2.24.jar;C:\Users\cmnd_\AppData\Roaming\.minecraft\libraries\net\sf\jopt-simple\jopt-simple\5.0.4\jopt-simple-5.0.4.jar;C:\Users\cmnd_\AppData\Roaming\.minecraft\libraries\io\netty\netty-common\4.1.77.Final\netty-common-4.1.77.Final.jar;C:\Users\cmnd_\AppData\Roaming\.minecraft\libraries\io\netty\netty-buffer\4.1.77.Final\netty-buffer-4.1.77.Final.jar;C:\Users\cmnd_\AppData\Roaming\.minecraft\libraries\io\netty\netty-codec\4.1.77.Final\netty-codec-4.1.77.Final.jar;C:\Users\cmnd_\AppData\Roaming\.minecraft\libraries\io\netty\netty-handler\4.1.77.Final\netty-handler-4.1.77.Final.jar;C:\Users\cmnd_\AppData\Roaming\.minecraft\libraries\io\netty\netty-resolver\4.1.77.Final\netty-resolver-4.1.77.Final.jar;C:\Users\cmnd_\AppData\Roaming\.minecraft\libraries\io\netty\netty-transport\4.1.77.Final\netty-transport-4.1.77.Final.jar;C:\Users\cmnd_\AppData\Roaming\.minecraft\libraries\io\netty\netty-transport-native-unix-common\4.1.77.Final\netty-transport-native-unix-common-4.1.77.Final.jar;C:\Users\cmnd_\AppData\Roaming\.minecraft\libraries\io\netty\netty-transport-classes-epoll\4.1.77.Final\netty-transport-classes-epoll-4.1.77.Final.jar;C:\Users\cmnd_\AppData\Roaming\.minecraft\libraries\com\google\guava\failureaccess\1.0.1\failureaccess-1.0.1.jar;C:\Users\cmnd_\AppData\Roaming\.minecraft\libraries\com\google\guava\guava\31.0.1-jre\guava-31.0.1-jre.jar;C:\Users\cmnd_\AppData\Roaming\.minecraft\libraries\org\apache\commons\commons-lang3\3.12.0\commons-lang3-3.12.0.jar;C:\Users\cmnd_\AppData\Roaming\.minecraft\libraries\commons-io\commons-io\2.11.0\commons-io-2.11.0.jar;C:\Users\cmnd_\AppData\Roaming\.minecraft\libraries\commons-codec\commons-codec\1.15\commons-codec-1.15.jar;C:\Users\cmnd_\AppData\Roaming\.minecraft\libraries\com\mojang\brigadier\1.0.18\brigadier-1.0.18.jar;C:\Users\cmnd_\AppData\Roaming\.minecraft\libraries\com\mojang\datafixerupper\5.0.28\datafixerupper-5.0.28.jar;C:\Users\cmnd_\AppData\Roaming\.minecraft\libraries\com\google\code\gson\gson\2.8.9\gson-2.8.9.jar;C:\Users\cmnd_\AppData\Roaming\.minecraft\libraries\org\tlauncher\authlib\3.11.49.5\authlib-3.11.49.5.jar;C:\Users\cmnd_\AppData\Roaming\.minecraft\libraries\org\apache\commons\commons-compress\1.21\commons-compress-1.21.jar;C:\Users\cmnd_\AppData\Roaming\.minecraft\libraries\org\apache\httpcomponents\httpclient\4.5.13\httpclient-4.5.13.jar;C:\Users\cmnd_\AppData\Roaming\.minecraft\libraries\commons-logging\commons-logging\1.2\commons-logging-1.2.jar;C:\Users\cmnd_\AppData\Roaming\.minecraft\libraries\org\apache\httpcomponents\httpcore\4.4.14\httpcore-4.4.14.jar;C:\Users\cmnd_\AppData\Roaming\.minecraft\libraries\it\unimi\dsi\fastutil\8.5.6\fastutil-8.5.6.jar;C:\Users\cmnd_\AppData\Roaming\.minecraft\libraries\org\apache\logging\log4j\log4j-api\2.17.0\log4j-api-2.17.0.jar;C:\Users\cmnd_\AppData\Roaming\.minecraft\libraries\org\apache\logging\log4j\log4j-core\2.17.0\log4j-core-2.17.0.jar;C:\Users\cmnd_\AppData\Roaming\.minecraft\libraries\org\lwjgl\lwjgl\3.3.1\lwjgl-3.3.1.jar;C:\Users\cmnd_\AppData\Roaming\.minecraft\libraries\org\lwjgl\lwjgl\3.3.1\lwjgl-3.3.1-natives-windows.jar;C:\Users\cmnd_\AppData\Roaming\.minecraft\libraries\org\lwjgl\lwjgl\3.3.1\lwjgl-3.3.1-natives-windows-x86.jar;C:\Users\cmnd_\AppData\Roaming\.minecraft\libraries\org\lwjgl\lwjgl-jemalloc\3.3.1\lwjgl-jemalloc-3.3.1.jar;C:\Users\cmnd_\AppData\Roaming\.minecraft\libraries\org\lwjgl\lwjgl-jemalloc\3.3.1\lwjgl-jemalloc-3.3.1-natives-windows.jar;C:\Users\cmnd_\AppData\Roaming\.minecraft\libraries\org\lwjgl\lwjgl-jemalloc\3.3.1\lwjgl-jemalloc-3.3.1-natives-windows-x86.jar;C:\Users\cmnd_\AppData\Roaming\.minecraft\libraries\org\lwjgl\lwjgl-openal\3.3.1\lwjgl-openal-3.3.1.jar;C:\Users\cmnd_\AppData\Roaming\.minecraft\libraries\org\lwjgl\lwjgl-openal\3.3.1\lwjgl-openal-3.3.1-natives-windows.jar;C:\Users\cmnd_\AppData\Roaming\.minecraft\libraries\org\lwjgl\lwjgl-openal\3.3.1\lwjgl-openal-3.3.1-natives-windows-x86.jar;C:\Users\cmnd_\AppData\Roaming\.minecraft\libraries\org\lwjgl\lwjgl-opengl\3.3.1\lwjgl-opengl-3.3.1.jar;C:\Users\cmnd_\AppData\Roaming\.minecraft\libraries\org\lwjgl\lwjgl-opengl\3.3.1\lwjgl-opengl-3.3.1-natives-windows.jar;C:\Users\cmnd_\AppData\Roaming\.minecraft\libraries\org\lwjgl\lwjgl-opengl\3.3.1\lwjgl-opengl-3.3.1-natives-windows-x86.jar;C:\Users\cmnd_\AppData\Roaming\.minecraft\libraries\org\lwjgl\lwjgl-glfw\3.3.1\lwjgl-glfw-3.3.1.jar;C:\Users\cmnd_\AppData\Roaming\.minecraft\libraries\org\lwjgl\lwjgl-glfw\3.3.1\lwjgl-glfw-3.3.1-natives-windows.jar;C:\Users\cmnd_\AppData\Roaming\.minecraft\libraries\org\lwjgl\lwjgl-glfw\3.3.1\lwjgl-glfw-3.3.1-natives-windows-x86.jar;C:\Users\cmnd_\AppData\Roaming\.minecraft\libraries\org\lwjgl\lwjgl-stb\3.3.1\lwjgl-stb-3.3.1.jar;C:\Users\cmnd_\AppData\Roaming\.minecraft\libraries\org\lwjgl\lwjgl-stb\3.3.1\lwjgl-stb-3.3.1-natives-windows.jar;C:\Users\cmnd_\AppData\Roaming\.minecraft\libraries\org\lwjgl\lwjgl-stb\3.3.1\lwjgl-stb-3.3.1-natives-windows-x86.jar;C:\Users\cmnd_\AppData\Roaming\.minecraft\libraries\org\lwjgl\lwjgl-tinyfd\3.3.1\lwjgl-tinyfd-3.3.1.jar;C:\Users\cmnd_\AppData\Roaming\.minecraft\libraries\org\lwjgl\lwjgl-tinyfd\3.3.1\lwjgl-tinyfd-3.3.1-natives-windows.jar;C:\Users\cmnd_\AppData\Roaming\.minecraft\libraries\org\lwjgl\lwjgl-tinyfd\3.3.1\lwjgl-tinyfd-3.3.1-natives-windows-x86.jar;C:\Users\cmnd_\AppData\Roaming\.minecraft\libraries\com\mojang\text2speech\1.13.9\text2speech-1.13.9.jar;C:\Users\cmnd_\AppData\Roaming\.minecraft\libraries\com\mojang\text2speech\1.13.9\text2speech-1.13.9-natives-windows.jar;C:\Users\cmnd_\AppData\Roaming\.minecraft\versions\OptiFine 1.19.2\OptiFine 1.19.2.jar -Xmx3000M -XX:+UnlockExperimentalVMOptions -XX:+UseG1GC -XX:G1NewSizePercent=20 -XX:G1ReservePercent=20 -XX:MaxGCPauseMillis=50 -XX:G1HeapRegionSize=32M -Dfml.ignoreInvalidMinecraftCertificates=true -Dfml.ignorePatchDiscrepancies=true -Djava.net.preferIPv4Stack=true -Dminecraft.applet.TargetDirectory=C:\Users\cmnd_\AppData\Roaming\.minecraft -Dlog4j.configurationFile=C:\Users\cmnd_\AppData\Roaming\.minecraft\assets\log_configs\client-1.12.xml net.minecraft.launchwrapper.Launch --username fabs --version OptiFine 1.19.2 --gameDir C:\Users\cmnd_\AppData\Roaming\.minecraft --assetsDir C:\Users\cmnd_\AppData\Roaming\.minecraft\assets --assetIndex 1.19 --uuid bddce546c3464d5489d0aab43af5fa93 --accessToken null --clientId ${clientid} --xuid ${auth_xuid} --userType mojang --versionType modified --width 925 --height 530 --tweakClass optifine.OptiFineTweaker
[Launcher] Launching Minecraft...
I'm hiding!
[TLauncherManager] mods after 
[InnerMinecraftServersImpl]  search changers of the servers
read servers from servers.dat []
[InnerMinecraftServersImpl]  prepare inner servers
save servers to servers.dat
[Launcher] skin system is activated: true
[Launcher] Starting Minecraft OptiFine 1.19.2...
[Launcher] Launching in: C:\Users\cmnd_\AppData\Roaming\.minecraft
Starting garbage collector: 184 / 396 MB
Garbage collector completed: 43 / 440 MB
[Launcher] Processing post-launch actions. Assist launch: true
===============================================================================================
[01:28:16] [main/INFO]: Loading tweak class name optifine.OptiFineTweaker
[01:28:16] [main/INFO]: Using primary tweak class name optifine.OptiFineTweaker
[01:28:16] [main/INFO]: Calling tweak class optifine.OptiFineTweaker
[01:28:16] [main/INFO]: [OptiFine] OptiFineTweaker: acceptOptions
[01:28:16] [main/INFO]: [OptiFine] OptiFineTweaker: injectIntoClassLoader
[01:28:16] [main/INFO]: [OptiFine] OptiFine ClassTransformer
[01:28:16] [main/INFO]: [OptiFine] OptiFine ZIP file: C:\Users\cmnd_\AppData\Roaming\.minecraft\libraries\optifine\OptiFine\OptiFine-1.19.2_HD_U_I1_pre4\OptiFine-OptiFine-1.19.2_HD_U_I1_pre4.jar
[01:28:18] [main/INFO]: [OptiFine] OptiFineTweaker: getLaunchArguments
[01:28:18] [main/INFO]: [OptiFine] OptiFineTweaker: getLaunchTarget
[01:28:40] [main/INFO]: Launching wrapped minecraft {net.minecraft.client.main.Main}
2023-01-05 01:28:24,426 main WARN Error parsing URI C:\Users\cmnd_\AppData\Roaming\.minecraft\assets\log_configs\client-1.12.xml
[01:28:32] [main/INFO]: [OptiFine] (Reflector) Class not present: net.minecraftforge.eventbus.api.Event$Result
[01:28:32] [main/INFO]: [OptiFine] (Reflector) Class not present: net.minecraftforge.common.extensions.IForgeEntity
[01:28:33] [main/INFO]: [OptiFine] (Reflector) Class not present: net.minecraftforge.logging.CrashReportExtender
[01:28:92] [main/INFO]: [OptiFine] (Reflector) Method not present: aks.create
[01:28:41] [main/INFO]: Building optimized datafixer
[01:28:74] [Render thread/INFO]: [OptiFine] (Reflector) Class not present: net.minecraftforge.client.ForgeHooksClient
[01:28:20] [Render thread/INFO]: Environment: authHost='https://authserver.mojang.com', accountsHost='https://api.mojang.com', sessionHost='https://sessionserver.mojang.com', servicesHost='https://api.minecraftservices.com', name='PROD'
[01:28:25] [Render thread/ERROR]: Failed to verify authentication
com.mojang.authlib.exceptions.InvalidCredentialsException: Status: 401
	at com.mojang.authlib.exceptions.MinecraftClientHttpException.toAuthenticationException(MinecraftClientHttpException.java:56)
	at com.mojang.authlib.yggdrasil.YggdrasilUserApiService.fetchProperties(YggdrasilUserApiService.java:155)
	at com.mojang.authlib.yggdrasil.YggdrasilUserApiService.<init>(YggdrasilUserApiService.java:55)
	at com.mojang.authlib.yggdrasil.YggdrasilAuthenticationService.createUserApiService(YggdrasilAuthenticationService.java:161)
	at efu.a(SourceFile:711)
	at efu.<init>(SourceFile:431)
	at net.minecraft.client.main.Main.a(SourceFile:205)
	at net.minecraft.client.main.Main.main(SourceFile:51)
	at java.base/jdk.internal.reflect.NativeMethodAccessorImpl.invoke0(Native Method)
	at java.base/jdk.internal.reflect.NativeMethodAccessorImpl.invoke(NativeMethodAccessorImpl.java:77)
	at java.base/jdk.internal.reflect.DelegatingMethodAccessorImpl.invoke(DelegatingMethodAccessorImpl.java:43)
	at java.base/java.lang.reflect.Method.invoke(Method.java:568)
	at net.minecraft.launchwrapper.Launch.launch(Launch.java:159)
	at net.minecraft.launchwrapper.Launch.main(Launch.java:30)
Caused by: MinecraftClientHttpException[type=HTTP_ERROR, status=401, response=null]
	at com.mojang.authlib.minecraft.client.MinecraftClient.readInputStream(MinecraftClient.java:87)
	at com.mojang.authlib.minecraft.client.MinecraftClient.get(MinecraftClient.java:48)
	at com.mojang.authlib.yggdrasil.YggdrasilUserApiService.fetchProperties(YggdrasilUserApiService.java:129)
	... 12 more

[01:28:26] [Render thread/INFO]: Setting user: fabs
[01:28:46] [Render thread/INFO]: [OptiFine] (Reflector) Class not present: net.minecraftforge.client.settings.KeyConflictContext
[01:28:46] [Render thread/INFO]: [OptiFine] (Reflector) Method not present: efs.getKeyModifier
[01:28:60] [Render thread/INFO]: Backend library: LWJGL version 3.3.1 build 7
[01:28:65] [Render thread/INFO]: [OptiFine] (Reflector) Method not present: net.minecraftforge.fml.loading.progress.EarlyProgressVisualization.handOffWindow
[01:28:16] [Render thread/INFO]: [OptiFine] 
[01:28:16] [Render thread/INFO]: [OptiFine] OptiFine_1.19.2_HD_U_I1_pre4
[01:28:16] [Render thread/INFO]: [OptiFine] Build: 20221114-000910
[01:28:16] [Render thread/INFO]: [OptiFine] OS: Windows 10 (amd64) version 10.0
[01:28:16] [Render thread/INFO]: [OptiFine] Java: 17.0.3, Microsoft
[01:28:16] [Render thread/INFO]: [OptiFine] VM: OpenJDK 64-Bit Server VM (mixed mode), Microsoft
[01:28:17] [Render thread/INFO]: [OptiFine] LWJGL: 3.4.0 Win32 WGL Null EGL OSMesa VisualC DLL
[01:28:18] [Render thread/INFO]: [OptiFine] OpenGL: Intel(R) Iris(R) Plus Graphics 655, version 3.2.0 - Build 27.20.100.9365, Intel
[01:28:18] [Render thread/INFO]: [OptiFine] OpenGL Version: 3.2.0
[01:28:19] [Render thread/INFO]: [OptiFine] Maximum texture size: 16384x16384
[01:28:19] [VersionCheck/INFO]: [OptiFine] Checking for new version
[01:28:19] [Render thread/INFO]: [Shaders] OpenGL Version: 3.2.0 - Build 27.20.100.9365
[01:28:19] [Render thread/INFO]: [Shaders] Vendor:  Intel
[01:28:19] [Render thread/INFO]: [Shaders] Renderer: Intel(R) Iris(R) Plus Graphics 655
[01:28:19] [Render thread/INFO]: [Shaders] Capabilities:  2.0  2.1  3.0  3.2  - 
[01:28:21] [Render thread/INFO]: [Shaders] GL_MAX_DRAW_BUFFERS: 8
[01:28:21] [Render thread/INFO]: [Shaders] GL_MAX_COLOR_ATTACHMENTS: 8
[01:28:21] [Render thread/INFO]: [Shaders] GL_MAX_TEXTURE_IMAGE_UNITS: 32
[01:28:21] [Render thread/INFO]: [Shaders] Load shaders configuration.
[01:28:21] [Render thread/INFO]: [Shaders] Save shaders configuration.
[01:28:22] [Render thread/INFO]: [Shaders] No shaderpack loaded.
[01:28:23] [Render thread/INFO]: [OptiFine] (Reflector) Class not present: net.minecraftforge.fml.ModList
[01:28:39] [VersionCheck/INFO]: [OptiFine] java.io.FileNotFoundException: http://optifine.net/version/1.19.2/HD_U.txt
[01:28:49] [Render thread/WARN]: [OptiFine] (Reflector) java.lang.ClassNotFoundException: sun.misc.SharedSecrets
[01:28:49] [Render thread/WARN]: [OptiFine] (Reflector) java.lang.ClassNotFoundException: jdk.internal.misc.SharedSecrets
[01:28:49] [Render thread/WARN]: [OptiFine] (Reflector) java.lang.ClassNotFoundException: sun.misc.VM
[01:28:49] [Render thread/WARN]: [OptiFine] (Reflector) java.lang.reflect.InaccessibleObjectException: Unable to make public static long jdk.internal.misc.VM.maxDirectMemory() accessible: module java.base does not "exports jdk.internal.misc" to unnamed module @f805ab0
[01:28:65] [Render thread/INFO]: [OptiFine] (Reflector) Class not present: net.minecraftforge.client.model.ForgeItemModelShaper
[01:28:72] [Render thread/INFO]: [OptiFine] (Reflector) Class not present: net.minecraftforge.client.model.lighting.ForgeModelBlockRenderer
[01:28:27] [Worker-Main-9/ERROR]: Failed to retrieve profile key pair
java.io.IOException: Could not retrieve profile key pair
	at eva.a(SourceFile:130)
	at eva.c(SourceFile:69)
	at java.base/java.util.concurrent.CompletableFuture$AsyncSupply.run(CompletableFuture.java:1768)
	at java.base/java.util.concurrent.CompletableFuture$AsyncSupply.exec(CompletableFuture.java:1760)
	at java.base/java.util.concurrent.ForkJoinTask.doExec(ForkJoinTask.java:373)
	at java.base/java.util.concurrent.ForkJoinPool$WorkQueue.topLevelExec(ForkJoinPool.java:1182)
	at java.base/java.util.concurrent.ForkJoinPool.scan(ForkJoinPool.java:1655)
	at java.base/java.util.concurrent.ForkJoinPool.runWorker(ForkJoinPool.java:1622)
	at java.base/java.util.concurrent.ForkJoinWorkerThread.run(ForkJoinWorkerThread.java:165)

[01:28:41] [Render thread/INFO]: Narrator library for x64 successfully loaded
[01:28:46] [Render thread/INFO]: Reloading ResourceManager: Default
[01:28:49] [Render thread/INFO]: [OptiFine] *** Reloading textures ***
[01:28:49] [Render thread/INFO]: [OptiFine] Resource packs: Default
[01:28:57] [Worker-Main-12/INFO]: [OptiFine] (Reflector) Class not present: net.minecraftforge.client.model.geometry.GeometryLoaderManager
[01:28:58] [Render thread/INFO]: [OptiFine] (Reflector) Class not present: net.minecraftforge.client.gui.ModListScreen
[01:28:61] [Worker-Main-13/INFO]: [OptiFine] Multitexture: false
[01:28:62] [Worker-Main-8/INFO]: [OptiFine] Multitexture: false
[01:28:62] [Worker-Main-11/INFO]: [OptiFine] Multitexture: false
[01:28:73] [Render thread/INFO]: [OptiFine] (Reflector) Class not present: net.minecraftforge.client.gui.TitleScreenModUpdateIndicator
[01:28:76] [Render thread/INFO]: [OptiFine] *** Reflector Forge ***
[01:28:76] [Render thread/INFO]: [OptiFine] (Reflector) Class not present: net.minecraftforge.internal.BrandingControl
[01:28:76] [Render thread/INFO]: [OptiFine] (Reflector) Method not present: net.minecraftforge.client.extensions.common.IClientItemExtensions.of
[01:28:76] [Render thread/INFO]: [OptiFine] (Reflector) Class not present: net.minecraftforge.client.loading.ClientModLoader
[01:28:76] [Render thread/INFO]: [OptiFine] (Reflector) Class not present: net.minecraftforge.event.level.ChunkDataEvent$Save
[01:28:77] [Render thread/INFO]: [OptiFine] (Reflector) Class not present: net.minecraftforge.event.level.ChunkEvent$Load
[01:28:77] [Render thread/INFO]: [OptiFine] (Reflector) Class not present: net.minecraftforge.event.level.ChunkEvent$Unload
[01:28:77] [Render thread/INFO]: [OptiFine] (Reflector) Class not present: net.minecraftforge.client.ColorResolverManager
[01:28:77] [Render thread/INFO]: [OptiFine] (Reflector) Class not present: net.minecraftforge.client.event.EntityRenderersEvent$AddLayers
[01:28:77] [Render thread/INFO]: [OptiFine] (Reflector) Class not present: net.minecraftforge.client.event.EntityRenderersEvent$CreateSkullModels
[01:28:77] [Render thread/INFO]: [OptiFine] (Reflector) Class not present: net.minecraftforge.event.entity.EntityLeaveLevelEvent
[01:28:77] [Render thread/INFO]: [OptiFine] (Reflector) Class not present: net.minecraftforge.client.event.ViewportEvent$ComputeCameraAngles
[01:28:77] [Render thread/INFO]: [OptiFine] (Reflector) Class not present: net.minecraftforge.event.entity.EntityJoinLevelEvent
[01:28:77] [Render thread/INFO]: [OptiFine] (Reflector) Method not present: net.minecraftforge.eventbus.api.Event.getResult
[01:28:77] [Render thread/INFO]: [OptiFine] (Reflector) Class not present: net.minecraftforge.eventbus.api.IEventBus
[01:28:77] [Render thread/INFO]: [OptiFine] (Reflector) Method not present: fai.getTexture
[01:28:77] [Render thread/INFO]: [OptiFine] (Reflector) Field not present: fao.emissivity
[01:28:77] [Render thread/INFO]: [OptiFine] (Reflector) Field not present: fao.hasAmbientOcclusion
[01:28:77] [Render thread/INFO]: [OptiFine] (Reflector) Method not present: net.minecraftforge.common.extensions.IForgeBlockState.getLightEmission
[01:28:77] [Render thread/INFO]: [OptiFine] (Reflector) Method not present: net.minecraftforge.common.extensions.IForgeBlockState.getSoundType
[01:28:77] [Render thread/INFO]: [OptiFine] (Reflector) Method not present: net.minecraftforge.common.extensions.IForgeBlockState.getStateAtViewpoint
[01:28:77] [Render thread/INFO]: [OptiFine] (Reflector) Method not present: net.minecraftforge.common.extensions.IForgeBlockState.shouldDisplayFluidOverlay
[01:28:78] [Render thread/INFO]: [OptiFine] (Reflector) Class not present: net.minecraftforge.common.extensions.IForgePlayer
[01:28:79] [Render thread/INFO]: [OptiFine] (Reflector) Field not present: afs.currentlyLoading
[01:28:79] [Render thread/INFO]: [OptiFine] (Reflector) Class not present: net.minecraftforge.event.ForgeEventFactory
[01:28:79] [Render thread/INFO]: [OptiFine] (Reflector) Class not present: net.minecraftforge.common.ForgeHooks
[01:28:79] [Render thread/INFO]: [OptiFine] (Reflector) Field not present: net.minecraftforge.common.ForgeConfig$Client.experimentalForgeLightPipelineEnabled
[01:28:79] [Render thread/INFO]: [OptiFine] (Reflector) Field not present: net.minecraftforge.common.ForgeConfig$Client.useCombinedDepthStencilAttachment
[01:28:79] [Render thread/INFO]: [OptiFine] (Reflector) Field not present: net.minecraftforge.common.ForgeConfigSpec.childConfig
[01:28:80] [Render thread/INFO]: [OptiFine] (Reflector) Field not present: net.minecraftforge.common.ForgeConfigSpec$ConfigValue.defaultSupplier
[01:28:80] [Render thread/INFO]: [OptiFine] (Reflector) Field not present: net.minecraftforge.common.ForgeConfigSpec$ConfigValue.spec
[01:28:80] [Render thread/INFO]: [OptiFine] (Reflector) Method not present: net.minecraftforge.common.ForgeConfigSpec$ConfigValue.get
[01:28:89] [Render thread/INFO]: [OptiFine] (Reflector) Method not present: cxj.getWorldForge
[01:28:89] [Render thread/INFO]: [OptiFine] (Reflector) Class not present: net.minecraftforge.common.extensions.IForgeItem
[01:28:89] [Render thread/INFO]: [OptiFine] (Reflector) Class not present: net.minecraftforge.common.extensions.IForgeItemStack
[01:28:89] [Render thread/INFO]: [OptiFine] (Reflector) Class not present: net.minecraftforge.common.ForgeI18n
[01:28:89] [Render thread/INFO]: [OptiFine] (Reflector) Method not present: efs.setKeyConflictContext
[01:28:89] [Render thread/INFO]: [OptiFine] (Reflector) Method not present: efs.setKeyModifierAndCode
[01:28:90] [Render thread/INFO]: [OptiFine] (Reflector) Method not present: drd.render
[01:28:90] [Render thread/INFO]: [OptiFine] (Reflector) Method not present: cbn.getStyleModifier
[01:28:91] [Render thread/INFO]: [OptiFine] (Reflector) Field not present: agk.forceTicks
[01:28:91] [Render thread/INFO]: [OptiFine] (Reflector) Method not present: agk.isForceTicks
[01:28:91] [Render thread/INFO]: [OptiFine] (Reflector) Method not present: net.minecraftforge.common.extensions.IForgeBlockEntity.getRenderBoundingBox
[01:28:91] [Render thread/INFO]: [OptiFine] (Reflector) Method not present: net.minecraftforge.common.extensions.IForgeBlockEntity.hasCustomOutlineRendering
[01:28:91] [Render thread/INFO]: [OptiFine] (Reflector) Class not present: net.minecraftforge.client.extensions.IForgeDimensionSpecialEffects
[01:28:91] [Render thread/INFO]: [OptiFine] (Reflector) Class not present: net.minecraftforge.client.settings.KeyModifier
[01:28:91] [Render thread/INFO]: [OptiFine] (Reflector) Class not present: net.minecraftforge.common.MinecraftForge
[01:28:91] [Render thread/INFO]: [OptiFine] (Reflector) Class not present: net.minecraftforge.fml.ModContainer
[01:28:91] [Render thread/INFO]: [OptiFine] (Reflector) Class not present: net.minecraftforge.fml.ModLoader
[01:28:92] [Render thread/INFO]: [OptiFine] (Reflector) Class not present: net.minecraftforge.event.PlayLevelSoundEvent
[01:28:92] [Render thread/INFO]: [OptiFine] (Reflector) Class not present: net.minecraftforge.client.model.pipeline.QuadBakingVertexConsumer
[01:28:92] [Render thread/INFO]: [OptiFine] (Reflector) Class not present: net.minecraftforge.client.model.QuadTransformers
[01:28:92] [Render thread/INFO]: [OptiFine] (Reflector) Class not present: net.minecraftforge.client.model.IQuadTransformer
[01:28:92] [Render thread/INFO]: [OptiFine] (Reflector) Class not present: net.minecraftforge.client.event.RegisterShadersEvent
[01:28:92] [Render thread/INFO]: [OptiFine] (Reflector) Class not present: net.minecraftforge.client.event.RenderBlockScreenEffectEvent$OverlayType
[01:28:92] [Render thread/INFO]: [OptiFine] (Reflector) Class not present: net.minecraftforge.client.event.CustomizeGuiOverlayEvent$BossEventProgress
[01:28:93] [Render thread/INFO]: [OptiFine] (Reflector) Class not present: net.minecraftforge.client.event.RenderItemInFrameEvent
[01:28:93] [Render thread/INFO]: [OptiFine] (Reflector) Class not present: net.minecraftforge.client.event.RenderLivingEvent$Pre
[01:28:93] [Render thread/INFO]: [OptiFine] (Reflector) Class not present: net.minecraftforge.client.event.RenderLivingEvent$Post
[01:28:93] [Render thread/INFO]: [OptiFine] (Reflector) Class not present: net.minecraftforge.client.event.RenderNameTagEvent
[01:28:93] [Render thread/INFO]: [OptiFine] (Reflector) Class not present: net.minecraftforge.client.event.ScreenshotEvent
[01:28:93] [Render thread/INFO]: [OptiFine] (Reflector) Class not present: net.minecraftforge.server.ServerLifecycleHooks
[01:28:93] [Render thread/INFO]: [OptiFine] (Reflector) Method not present: eyj.updateSprite
[01:28:93] [Render thread/INFO]: [OptiFine] (Reflector) Class not present: net.minecraftforge.event.level.LevelEvent$Load
[01:28:93] [Render thread/INFO]: [OptiFine] *** Reflector Vanilla ***
[01:28:11] [Realms Notification Availability checker #1/INFO]: Could not authorize you against Realms server: Invalid session id
[01:28:83] [Worker-Main-12/INFO]: [OptiFine] Multitexture: false
[01:28:84] [Worker-Main-12/INFO]: [OptiFine] ConnectedTextures: optifine/ctm/default/00_glass_white/glass_pane_white.properties
[01:28:85] [Worker-Main-12/INFO]: [OptiFine] ConnectedTextures: optifine/ctm/default/00_glass_white/glass_white.properties
[01:28:85] [Worker-Main-12/INFO]: [OptiFine] ConnectedTextures: optifine/ctm/default/01_glass_orange/glass_orange.properties
[01:28:86] [Worker-Main-12/INFO]: [OptiFine] ConnectedTextures: optifine/ctm/default/01_glass_orange/glass_pane_orange.properties
[01:28:86] [Worker-Main-12/INFO]: [OptiFine] ConnectedTextures: optifine/ctm/default/02_glass_magenta/glass_magenta.properties
[01:28:86] [Worker-Main-12/INFO]: [OptiFine] ConnectedTextures: optifine/ctm/default/02_glass_magenta/glass_pane_magenta.properties
[01:28:86] [Worker-Main-12/INFO]: [OptiFine] ConnectedTextures: optifine/ctm/default/03_glass_light_blue/glass_light_blue.properties
[01:28:86] [Worker-Main-12/INFO]: [OptiFine] ConnectedTextures: optifine/ctm/default/03_glass_light_blue/glass_pane_light_blue.properties
[01:28:86] [Worker-Main-12/INFO]: [OptiFine] ConnectedTextures: optifine/ctm/default/04_glass_yellow/glass_pane_yellow.properties
[01:28:87] [Worker-Main-12/INFO]: [OptiFine] ConnectedTextures: optifine/ctm/default/04_glass_yellow/glass_yellow.properties
[01:28:87] [Worker-Main-12/INFO]: [OptiFine] ConnectedTextures: optifine/ctm/default/05_glass_lime/glass_lime.properties
[01:28:87] [Worker-Main-12/INFO]: [OptiFine] ConnectedTextures: optifine/ctm/default/05_glass_lime/glass_pane_lime.properties
[01:28:87] [Worker-Main-12/INFO]: [OptiFine] ConnectedTextures: optifine/ctm/default/06_glass_pink/glass_pane_pink.properties
[01:28:87] [Worker-Main-12/INFO]: [OptiFine] ConnectedTextures: optifine/ctm/default/06_glass_pink/glass_pink.properties
[01:28:87] [Worker-Main-12/INFO]: [OptiFine] ConnectedTextures: optifine/ctm/default/07_glass_gray/glass_gray.properties
[01:28:88] [Worker-Main-12/INFO]: [OptiFine] ConnectedTextures: optifine/ctm/default/07_glass_gray/glass_pane_gray.properties
[01:28:88] [Worker-Main-12/INFO]: [OptiFine] ConnectedTextures: optifine/ctm/default/08_glass_light_gray/glass_light_gray.properties
[01:28:88] [Worker-Main-12/INFO]: [OptiFine] ConnectedTextures: optifine/ctm/default/08_glass_light_gray/glass_pane_light_gray.properties
[01:28:88] [Worker-Main-12/INFO]: [OptiFine] ConnectedTextures: optifine/ctm/default/09_glass_cyan/glass_cyan.properties
[01:28:88] [Worker-Main-12/INFO]: [OptiFine] ConnectedTextures: optifine/ctm/default/09_glass_cyan/glass_pane_cyan.properties
[01:28:88] [Worker-Main-12/INFO]: [OptiFine] ConnectedTextures: optifine/ctm/default/10_glass_purple/glass_pane_purple.properties
[01:28:88] [Worker-Main-12/INFO]: [OptiFine] ConnectedTextures: optifine/ctm/default/10_glass_purple/glass_purple.properties
[01:28:89] [Worker-Main-12/INFO]: [OptiFine] ConnectedTextures: optifine/ctm/default/11_glass_blue/glass_blue.properties
[01:28:89] [Worker-Main-12/INFO]: [OptiFine] ConnectedTextures: optifine/ctm/default/11_glass_blue/glass_pane_blue.properties
[01:28:89] [Worker-Main-12/INFO]: [OptiFine] ConnectedTextures: optifine/ctm/default/12_glass_brown/glass_brown.properties
[01:28:89] [Worker-Main-12/INFO]: [OptiFine] ConnectedTextures: optifine/ctm/default/12_glass_brown/glass_pane_brown.properties
[01:28:89] [Worker-Main-12/INFO]: [OptiFine] ConnectedTextures: optifine/ctm/default/13_glass_green/glass_green.properties
[01:28:89] [Worker-Main-12/INFO]: [OptiFine] ConnectedTextures: optifine/ctm/default/13_glass_green/glass_pane_green.properties
[01:28:90] [Worker-Main-12/INFO]: [OptiFine] ConnectedTextures: optifine/ctm/default/14_glass_red/glass_pane_red.properties
[01:28:90] [Worker-Main-12/INFO]: [OptiFine] ConnectedTextures: optifine/ctm/default/14_glass_red/glass_red.properties
[01:28:90] [Worker-Main-12/INFO]: [OptiFine] ConnectedTextures: optifine/ctm/default/15_glass_black/glass_black.properties
[01:28:90] [Worker-Main-12/INFO]: [OptiFine] ConnectedTextures: optifine/ctm/default/15_glass_black/glass_pane_black.properties
[01:28:90] [Worker-Main-12/INFO]: [OptiFine] ConnectedTextures: optifine/ctm/default/20_glass/glass.properties
[01:28:90] [Worker-Main-12/INFO]: [OptiFine] ConnectedTextures: optifine/ctm/default/20_glass/glass_pane.properties
[01:28:91] [Worker-Main-12/INFO]: [OptiFine] ConnectedTextures: optifine/ctm/default/21_tinted_glass/tinted_glass.properties
[01:28:91] [Worker-Main-12/INFO]: [OptiFine] ConnectedTextures: optifine/ctm/default/30_bookshelf/bookshelf.properties
[01:28:91] [Worker-Main-12/INFO]: [OptiFine] ConnectedTextures: optifine/ctm/default/40_sandstone/sandstone.properties
[01:28:91] [Worker-Main-12/INFO]: [OptiFine] ConnectedTextures: optifine/ctm/default/41_red_sandstone/red_sandstone.properties
[01:28:91] [Worker-Main-12/INFO]: [OptiFine] Multipass connected textures: false
[01:28:91] [Worker-Main-12/INFO]: [OptiFine] BetterGrass: Parsing default configuration optifine/bettergrass.properties
[01:28:62] [Worker-Main-12/INFO]: [OptiFine] Mipmap levels: 4
[01:28:17] [Worker-Main-12/INFO]: [OptiFine] Multitexture: false
[01:28:18] [Worker-Main-12/INFO]: [OptiFine] Sprite size: 64
[01:28:18] [Worker-Main-12/INFO]: [OptiFine] Mipmap levels: 6
[01:28:19] [Worker-Main-12/INFO]: [OptiFine] Scaled too small texture: minecraft:optifine/ctm/default/empty, 16 -> 64
[01:28:19] [Worker-Main-12/WARN]: Unused frames in sprite minecraft:missingno: [1, 2, 3, 4, 5, 6, 7, 8, 9, 10, 11, 12, 13, 14, 15]
[01:28:28] [Worker-Main-12/INFO]: [OptiFine] Multitexture: false
[01:28:33] [Worker-Main-12/INFO]: [OptiFine] Sprite size: 64
[01:28:33] [Worker-Main-12/INFO]: [OptiFine] Mipmap levels: 6
[01:28:33] [Worker-Main-12/INFO]: [OptiFine] Scaled too small texture: minecraft:optifine/ctm/default/empty, 16 -> 64
[01:28:33] [Worker-Main-12/WARN]: Unused frames in sprite minecraft:missingno: [1, 2, 3, 4, 5, 6, 7, 8, 9, 10, 11, 12, 13, 14, 15]
[01:28:33] [Worker-Main-12/INFO]: [OptiFine] Multitexture: false
[01:28:38] [Worker-Main-12/INFO]: [OptiFine] Sprite size: 64
[01:28:38] [Worker-Main-12/INFO]: [OptiFine] Mipmap levels: 6
[01:28:38] [Worker-Main-12/INFO]: [OptiFine] Scaled too small texture: minecraft:optifine/ctm/default/empty, 16 -> 64
[01:28:38] [Worker-Main-12/WARN]: Unused frames in sprite minecraft:missingno: [1, 2, 3, 4, 5, 6, 7, 8, 9, 10, 11, 12, 13, 14, 15]
[01:28:39] [Worker-Main-12/INFO]: [OptiFine] Multitexture: false
[01:28:40] [Worker-Main-12/INFO]: [OptiFine] Sprite size: 64
[01:28:40] [Worker-Main-12/INFO]: [OptiFine] Mipmap levels: 6
[01:28:40] [Worker-Main-12/INFO]: [OptiFine] Scaled too small texture: minecraft:optifine/ctm/default/empty, 16 -> 64
[01:28:40] [Worker-Main-12/WARN]: Unused frames in sprite minecraft:missingno: [1, 2, 3, 4, 5, 6, 7, 8, 9, 10, 11, 12, 13, 14, 15]
[01:28:40] [Worker-Main-12/INFO]: [OptiFine] Multitexture: false
[01:28:42] [Worker-Main-12/INFO]: [OptiFine] Sprite size: 64
[01:28:42] [Worker-Main-12/INFO]: [OptiFine] Mipmap levels: 6
[01:28:42] [Worker-Main-12/INFO]: [OptiFine] Scaled too small texture: minecraft:optifine/ctm/default/empty, 16 -> 64
[01:28:42] [Worker-Main-12/WARN]: Unused frames in sprite minecraft:missingno: [1, 2, 3, 4, 5, 6, 7, 8, 9, 10, 11, 12, 13, 14, 15]
[01:28:43] [Worker-Main-12/INFO]: [OptiFine] Multitexture: false
[01:28:44] [Worker-Main-12/INFO]: [OptiFine] Sprite size: 64
[01:28:44] [Worker-Main-12/INFO]: [OptiFine] Mipmap levels: 6
[01:28:45] [Worker-Main-12/INFO]: [OptiFine] Scaled too small texture: minecraft:optifine/ctm/default/empty, 16 -> 64
[01:28:45] [Worker-Main-12/WARN]: Unused frames in sprite minecraft:missingno: [1, 2, 3, 4, 5, 6, 7, 8, 9, 10, 11, 12, 13, 14, 15]
[01:28:59] [Render thread/WARN]: Missing sound for event: minecraft:item.goat_horn.play
[01:28:59] [Render thread/WARN]: Missing sound for event: minecraft:entity.goat.screaming.horn_break
[01:28:72] [Render thread/INFO]: OpenAL initialized on device OpenAL Soft on Altavoces (Realtek(R) Audio)
[01:28:72] [Render thread/INFO]: Sound engine started
[01:28:02] [Render thread/INFO]: Created: 1024x1024x4 minecraft:textures/atlas/blocks.png-atlas
[01:28:22] [Render thread/INFO]: [OptiFine] Animated sprites: 51
[01:28:23] [Render thread/INFO]: Created: 256x128x4 minecraft:textures/atlas/signs.png-atlas
[01:28:23] [Render thread/INFO]: [OptiFine] Animated sprites: 0
[01:28:23] [Render thread/INFO]: Created: 512x512x4 minecraft:textures/atlas/banner_patterns.png-atlas
[01:28:23] [Render thread/INFO]: [OptiFine] Animated sprites: 0
[01:28:23] [Render thread/INFO]: Created: 512x512x4 minecraft:textures/atlas/shield_patterns.png-atlas
[01:28:24] [Render thread/INFO]: [OptiFine] Animated sprites: 0
[01:28:24] [Render thread/INFO]: Created: 256x256x4 minecraft:textures/atlas/chest.png-atlas
[01:28:24] [Render thread/INFO]: [OptiFine] Animated sprites: 0
[01:28:24] [Render thread/INFO]: Created: 512x256x4 minecraft:textures/atlas/beds.png-atlas
[01:28:24] [Render thread/INFO]: [OptiFine] Animated sprites: 0
[01:28:24] [Render thread/INFO]: Created: 512x256x4 minecraft:textures/atlas/shulker_boxes.png-atlas
[01:28:24] [Render thread/INFO]: [OptiFine] Animated sprites: 0
[01:28:07] [Render thread/WARN]: Shader rendertype_entity_translucent_emissive could not find sampler named Sampler2 in the specified shader program.
[01:28:09] [Render thread/INFO]: Created: 256x256x0 minecraft:textures/atlas/particles.png-atlas
[01:28:11] [Render thread/INFO]: [OptiFine] Animated sprites: 1
[01:28:11] [Render thread/INFO]: Created: 256x256x0 minecraft:textures/atlas/paintings.png-atlas
[01:28:11] [Render thread/INFO]: [OptiFine] Animated sprites: 0
[01:28:11] [Render thread/INFO]: Created: 128x128x0 minecraft:textures/atlas/mob_effects.png-atlas
[01:28:12] [Render thread/INFO]: [OptiFine] Animated sprites: 0
[01:28:12] [Render thread/INFO]: [OptiFine] *** Reloading custom textures ***
[01:28:40] [Render thread/INFO]: [OptiFine] Disable Forge light pipeline
[01:28:89] [Render thread/INFO]: Loaded 7 recipes
[01:28:27] [Render thread/INFO]: Loaded 1179 advancements
[01:28:54] [Worker-Main-13/ERROR]: Failed to retrieve profile key pair
java.io.IOException: Could not retrieve profile key pair
	at eva.a(SourceFile:130)
	at eva.c(SourceFile:69)
	at java.base/java.util.concurrent.CompletableFuture$AsyncSupply.run(CompletableFuture.java:1768)
	at java.base/java.util.concurrent.CompletableFuture$AsyncSupply.exec(CompletableFuture.java:1760)
	at java.base/java.util.concurrent.ForkJoinTask.doExec(ForkJoinTask.java:373)
	at java.base/java.util.concurrent.ForkJoinPool$WorkQueue.topLevelExec(ForkJoinPool.java:1182)
	at java.base/java.util.concurrent.ForkJoinPool.scan(ForkJoinPool.java:1655)
	at java.base/java.util.concurrent.ForkJoinPool.runWorker(ForkJoinPool.java:1622)
	at java.base/java.util.concurrent.ForkJoinWorkerThread.run(ForkJoinWorkerThread.java:165)

[01:28:66] [Server thread/INFO]: Starting integrated minecraft server version 1.19.2
[01:28:66] [Server thread/INFO]: Generating keypair
[01:28:27] [Server thread/INFO]: Preparing start region for dimension minecraft:overworld
[01:29:29] [Render thread/INFO]: Preparando zona de aparicin: 0 %
[01:29:33] [Render thread/INFO]: Preparando zona de aparicin: 0 %
[01:29:37] [Render thread/INFO]: Preparando zona de aparicin: 0 %
[01:29:37] [Render thread/INFO]: Preparando zona de aparicin: 0 %
[01:29:41] [Render thread/INFO]: Preparando zona de aparicin: 0 %
[01:29:45] [Render thread/INFO]: Preparando zona de aparicin: 0 %
[01:29:45] [Render thread/INFO]: Preparando zona de aparicin: 0 %
[01:29:48] [Render thread/INFO]: Preparando zona de aparicin: 0 %
[01:29:48] [Render thread/INFO]: Preparando zona de aparicin: 0 %
[01:29:81] [Render thread/INFO]: Preparando zona de aparicin: 0 %
[01:29:30] [Render thread/INFO]: Preparando zona de aparicin: 0 %
[01:29:85] [Render thread/INFO]: Preparando zona de aparicin: 0 %
[01:29:37] [Render thread/INFO]: Preparando zona de aparicin: 43 %
[01:29:81] [Render thread/INFO]: Preparando zona de aparicin: 93 %
[01:29:41] [Render thread/INFO]: Time elapsed: 7107 ms
[01:29:49] [Server thread/INFO]: Changing view distance to 12, from 10
[01:29:50] [Server thread/INFO]: Changing simulation distance to 12, from 0
[01:29:83] [Server thread/INFO]: fabs[local:E:3061ccb0] logged in with entity id 143 at (-44.40117963167847, 122.29099609012555, 184.18617469563816)
[01:29:95] [Server thread/INFO]: fabs se ha unido a la partida
[01:29:96] [Render thread/WARN]: [OptiFine] *** Exception outside of method ***
[01:29:96] [Render thread/WARN]: [OptiFine] Method deactivated: public final void net.minecraftforge.common.capabilities.CapabilityProvider.gatherCapabilities()
[01:29:96] [Render thread/WARN]: [OptiFine] *** IllegalArgumentException ***
[01:29:96] [Render thread/WARN]: [OptiFine] Method: null
[01:29:96] [Render thread/WARN]: [OptiFine] Object: ClientLevel
[01:29:96] [Render thread/WARN]: [OptiFine] Parameter classes: 
[01:29:96] [Render thread/WARN]: [OptiFine] Parameters: 
[01:29:96] [Render thread/WARN]: [OptiFine] 
java.lang.IllegalArgumentException: object is not an instance of declaring class
	at java.base/jdk.internal.reflect.NativeMethodAccessorImpl.invoke0(Native Method)
	at java.base/jdk.internal.reflect.NativeMethodAccessorImpl.invoke(NativeMethodAccessorImpl.java:77)
	at java.base/jdk.internal.reflect.DelegatingMethodAccessorImpl.invoke(DelegatingMethodAccessorImpl.java:43)
	at java.base/java.lang.reflect.Method.invoke(Method.java:568)
	at net.optifine.reflect.Reflector.call(Reflector.java:1042)
	at euv.<init>(ClientLevel.java:219)
	at euw.a(SourceFile:385)
	at ut.a(SourceFile:86)
	at ut.a(SourceFile:20)
	at te.lambda$checkThreadAndEnqueue$0(PacketUtils.java:40)
	at net.optifine.util.PacketRunnable.run(PacketRunnable.java:28)
	at ayz.d(BlockableEventLoop.java:198)
	at azd.d(SourceFile:23)
	at ayz.x(BlockableEventLoop.java:163)
	at ayz.bq(BlockableEventLoop.java:140)
	at efu.f(SourceFile:1129)
	at efu.e(SourceFile:768)
	at net.minecraft.client.main.Main.a(SourceFile:244)
	at net.minecraft.client.main.Main.main(SourceFile:51)
	at java.base/jdk.internal.reflect.NativeMethodAccessorImpl.invoke0(Native Method)
	at java.base/jdk.internal.reflect.NativeMethodAccessorImpl.invoke(NativeMethodAccessorImpl.java:77)
	at java.base/jdk.internal.reflect.DelegatingMethodAccessorImpl.invoke(DelegatingMethodAccessorImpl.java:43)
	at java.base/java.lang.reflect.Method.invoke(Method.java:568)
	at net.minecraft.launchwrapper.Launch.launch(Launch.java:159)
	at net.minecraft.launchwrapper.Launch.main(Launch.java:30)

[01:29:94] [Render thread/INFO]: Loaded 0 advancements
[01:29:63] [Server thread/INFO]: Saving and pausing game...
[01:29:68] [Server thread/INFO]: Saving chunks for level 'ServerLevel[Mundo nuevo]'/minecraft:overworld
[01:29:80] [Server thread/INFO]: Saving chunks for level 'ServerLevel[Mundo nuevo]'/minecraft:the_end
[01:29:80] [Server thread/INFO]: Saving chunks for level 'ServerLevel[Mundo nuevo]'/minecraft:the_nether
[01:29:48] [Server thread/INFO]: Saving and pausing game...
[01:29:50] [Server thread/INFO]: Saving chunks for level 'ServerLevel[Mundo nuevo]'/minecraft:overworld
[01:29:59] [Server thread/INFO]: Saving chunks for level 'ServerLevel[Mundo nuevo]'/minecraft:the_end
[01:29:60] [Server thread/INFO]: Saving chunks for level 'ServerLevel[Mundo nuevo]'/minecraft:the_nether
[01:30:88] [Server thread/INFO]: Saving and pausing game...
[01:30:89] [Server thread/INFO]: Saving chunks for level 'ServerLevel[Mundo nuevo]'/minecraft:overworld
[01:30:90] [Server thread/INFO]: Saving chunks for level 'ServerLevel[Mundo nuevo]'/minecraft:the_end
[01:30:90] [Server thread/INFO]: Saving chunks for level 'ServerLevel[Mundo nuevo]'/minecraft:the_nether
[01:30:00] [Server thread/INFO]: fabs lost connection: Desconectado
[01:30:00] [Server thread/INFO]: fabs ha abandonado la partida
[01:30:01] [Server thread/INFO]: Stopping singleplayer server as player logged out
[01:30:07] [Server thread/INFO]: Stopping server
[01:30:08] [Server thread/INFO]: Saving players
[01:30:08] [Server thread/INFO]: Saving worlds
[01:30:07] [Server thread/INFO]: Saving chunks for level 'ServerLevel[Mundo nuevo]'/minecraft:overworld
[01:30:19] [Server thread/INFO]: Saving chunks for level 'ServerLevel[Mundo nuevo]'/minecraft:the_end
[01:30:20] [Server thread/INFO]: Saving chunks for level 'ServerLevel[Mundo nuevo]'/minecraft:the_nether
[01:30:21] [Server thread/INFO]: ThreadedAnvilChunkStorage (Mundo nuevo): All chunks are saved
[01:30:21] [Server thread/INFO]: ThreadedAnvilChunkStorage (DIM1): All chunks are saved
[01:30:21] [Server thread/INFO]: ThreadedAnvilChunkStorage (DIM-1): All chunks are saved
[01:30:21] [Server thread/INFO]: ThreadedAnvilChunkStorage: All dimensions are saved
[01:30:02] [Render thread/INFO]: Stopping!
Here I am!
[VersionManager] Refreshing versions locally...
[VersionManager] Versions has been refreshed (16 ms)
[Launcher] Launcher exited.
[Launcher] Minecraft closed with exit code: 0
Good bye!
[Double running] clear time label
[TLauncherManager] before clearLibrary 
[TLauncherManager] written:  []
[TLauncherManager] after clearLibrary 
flush now
